..\..\..\..\..\bin\WaterSimulation.pdb
F:\ACADS\THESIS\SVN_TRUNK\BIN\WATERSIMULATION.EXE
F:\ACADS\THESIS\SVN_TRUNK\BIN\WATERSIMULATION.PDB
F:\Acads\Thesis\SVN_trunk\build\win32\msvc100\WaterSimulation\WaterSimulation\..\..\..\..\..\bin\WaterSimulation.exe
F:\ACADS\THESIS\SVN_TRUNK\BUILD\WIN32\MSVC100\WATERSIMULATION\WATERSIMULATION\RELEASE\CAMERA.OBJ
F:\Acads\Thesis\SVN_trunk\build\win32\msvc100\WaterSimulation\WaterSimulation\Release\cl.command.1.tlog
F:\Acads\Thesis\SVN_trunk\build\win32\msvc100\WaterSimulation\WaterSimulation\Release\CL.read.1.tlog
F:\Acads\Thesis\SVN_trunk\build\win32\msvc100\WaterSimulation\WaterSimulation\Release\CL.write.1.tlog
F:\ACADS\THESIS\SVN_TRUNK\BUILD\WIN32\MSVC100\WATERSIMULATION\WATERSIMULATION\RELEASE\DEBUGUTIL.OBJ
F:\ACADS\THESIS\SVN_TRUNK\BUILD\WIN32\MSVC100\WATERSIMULATION\WATERSIMULATION\RELEASE\FFTSIMULATION.OBJ
F:\Acads\Thesis\SVN_trunk\build\win32\msvc100\WaterSimulation\WaterSimulation\Release\link.command.1.tlog
F:\Acads\Thesis\SVN_trunk\build\win32\msvc100\WaterSimulation\WaterSimulation\Release\link.read.1.tlog
F:\Acads\Thesis\SVN_trunk\build\win32\msvc100\WaterSimulation\WaterSimulation\Release\link.write.1.tlog
F:\ACADS\THESIS\SVN_TRUNK\BUILD\WIN32\MSVC100\WATERSIMULATION\WATERSIMULATION\RELEASE\LOGMANAGER.OBJ
F:\ACADS\THESIS\SVN_TRUNK\BUILD\WIN32\MSVC100\WATERSIMULATION\WATERSIMULATION\RELEASE\MAIN.OBJ
F:\ACADS\THESIS\SVN_TRUNK\BUILD\WIN32\MSVC100\WATERSIMULATION\WATERSIMULATION\RELEASE\MATHUTIL.OBJ
F:\ACADS\THESIS\SVN_TRUNK\BUILD\WIN32\MSVC100\WATERSIMULATION\WATERSIMULATION\RELEASE\MATRIX4X4.OBJ
F:\Acads\Thesis\SVN_trunk\build\win32\msvc100\WaterSimulation\WaterSimulation\Release\mt.command.1.tlog
F:\Acads\Thesis\SVN_trunk\build\win32\msvc100\WaterSimulation\WaterSimulation\Release\mt.read.1.tlog
F:\Acads\Thesis\SVN_trunk\build\win32\msvc100\WaterSimulation\WaterSimulation\Release\mt.write.1.tlog
F:\ACADS\THESIS\SVN_TRUNK\BUILD\WIN32\MSVC100\WATERSIMULATION\WATERSIMULATION\RELEASE\OBJREADER.OBJ
F:\ACADS\THESIS\SVN_TRUNK\BUILD\WIN32\MSVC100\WATERSIMULATION\WATERSIMULATION\RELEASE\PLANE.OBJ
F:\ACADS\THESIS\SVN_TRUNK\BUILD\WIN32\MSVC100\WATERSIMULATION\WATERSIMULATION\RELEASE\PNGUTIL.OBJ
F:\ACADS\THESIS\SVN_TRUNK\BUILD\WIN32\MSVC100\WATERSIMULATION\WATERSIMULATION\RELEASE\PORTSCENE.OBJ
F:\ACADS\THESIS\SVN_TRUNK\BUILD\WIN32\MSVC100\WATERSIMULATION\WATERSIMULATION\RELEASE\PRECOMPILED.OBJ
F:\ACADS\THESIS\SVN_TRUNK\BUILD\WIN32\MSVC100\WATERSIMULATION\WATERSIMULATION\RELEASE\QUATERNION.OBJ
F:\ACADS\THESIS\SVN_TRUNK\BUILD\WIN32\MSVC100\WATERSIMULATION\WATERSIMULATION\RELEASE\RIGIDBODY.OBJ
F:\ACADS\THESIS\SVN_TRUNK\BUILD\WIN32\MSVC100\WATERSIMULATION\WATERSIMULATION\RELEASE\SKYBOX.OBJ
F:\ACADS\THESIS\SVN_TRUNK\BUILD\WIN32\MSVC100\WATERSIMULATION\WATERSIMULATION\RELEASE\SPUDMA.OBJ
F:\ACADS\THESIS\SVN_TRUNK\BUILD\WIN32\MSVC100\WATERSIMULATION\WATERSIMULATION\RELEASE\VC100.PDB
F:\ACADS\THESIS\SVN_TRUNK\BUILD\WIN32\MSVC100\WATERSIMULATION\WATERSIMULATION\RELEASE\VECTOR3.OBJ
F:\ACADS\THESIS\SVN_TRUNK\BUILD\WIN32\MSVC100\WATERSIMULATION\WATERSIMULATION\RELEASE\VECTOR4.OBJ
F:\ACADS\THESIS\SVN_TRUNK\BUILD\WIN32\MSVC100\WATERSIMULATION\WATERSIMULATION\RELEASE\WATERSCENE.OBJ
F:\ACADS\THESIS\SVN_TRUNK\BUILD\WIN32\MSVC100\WATERSIMULATION\WATERSIMULATION\RELEASE\WATERSHAPE.OBJ
F:\ACADS\THESIS\SVN_TRUNK\BUILD\WIN32\MSVC100\WATERSIMULATION\WATERSIMULATION\RELEASE\WATERSIMULATION.EXE.INTERMEDIATE.MANIFEST
F:\ACADS\THESIS\SVN_TRUNK\BUILD\WIN32\MSVC100\WATERSIMULATION\WATERSIMULATION\RELEASE\WATERSIMULATION.OBJ
