Build started 13-Sep-15 8:08:25 PM.
     1>Project "F:\Acads\Thesis\SVN_trunk\build\win32\msvc100\WaterSimulation\WaterSimulation\WaterSimulation.vcxproj" on node 2 (Build target(s)).
     1>Link:
         C:\Program Files (x86)\Microsoft Visual Studio 12.0\VC\bin\link.exe /ERRORREPORT:PROMPT /OUT:"..\..\..\..\..\bin\WaterSimulation.exe" /INCREMENTAL:NO /NOLOGO /LIBPATH:../../../lib/libpng /LIBPATH:../../../lib/glut /LIBPATH:../../../lib/glew /LIBPATH:../../../lib/fftw libpng15.lib glew32d.lib "libfftw3f-3.lib" kernel32.lib user32.lib gdi32.lib winspool.lib comdlg32.lib advapi32.lib shell32.lib ole32.lib oleaut32.lib uuid.lib odbc32.lib odbccp32.lib /MANIFEST /MANIFESTUAC:"level='asInvoker' uiAccess='false'" /manifest:embed /DEBUG /PDB:"..\..\..\..\..\bin\WaterSimulation.pdb" /SUBSYSTEM:CONSOLE /OPT:REF /OPT:ICF /LTCG /TLBID:1 /DYNAMICBASE /NXCOMPAT /IMPLIB:"..\..\..\..\..\bin\WaterSimulation.lib" /MACHINE:X86 /SAFESEH /ENTRY:mainCRTStartup Release\Camera.obj
         Release\FFTSimulation.obj
         Release\main.obj
         Release\ObjReader.obj
         Release\PortScene.obj
         Release\RigidBody.obj
         Release\SkyBox.obj
         Release\WaterScene.obj
         Release\WaterShape.obj
         Release\WaterSimulation.obj
         Release\PNGUtil.obj
         Release\LogManager.obj
         Release\MathUtil.obj
         Release\Matrix4x4.obj
         Release\Plane.obj
         Release\Quaternion.obj
         Release\Vector3.obj
         Release\Vector4.obj
         Release\DebugUtil.obj
         Release\SPUDMA.obj
         Release\PreCompiled.obj
         Generating code
         Finished generating code
         WaterSimulation.vcxproj -> F:\Acads\Thesis\SVN_trunk\build\win32\msvc100\WaterSimulation\WaterSimulation\..\..\..\..\..\bin\WaterSimulation.exe
     1>Done Building Project "F:\Acads\Thesis\SVN_trunk\build\win32\msvc100\WaterSimulation\WaterSimulation\WaterSimulation.vcxproj" (Build target(s)).

Build succeeded.

Time Elapsed 00:00:01.90
